<?xml version="1.0" encoding="UTF-8"?>
<!-- Generated by org.testng.reporters.JUnitXMLReporter -->
<testsuite ignored="2" hostname="LAPTOP-EMB9ANO0" failures="1" tests="3" name="Personel Loan " time="0.114" errors="0" timestamp="2023-02-02T10:50:06 IST">
  <testcase classname="mytest.mytest2" name="choice" time="0.002"/>
  <testcase classname="mytest.test2" name="Afsuite" time="0.015">
    <failure type="java.lang.AssertionError" message="expected [true] but found [false]">
      <![CDATA[java.lang.AssertionError: expected [true] but found [false]
at mytest.test2.Afsuite(test2.java:20)
at java.base/java.util.ArrayList.forEach(ArrayList.java:1511)
at java.base/java.util.concurrent.FutureTask.run(FutureTask.java:317)
at java.base/java.util.concurrent.ThreadPoolExecutor.runWorker(ThreadPoolExecutor.java:1144)
at java.base/java.util.concurrent.ThreadPoolExecutor$Worker.run(ThreadPoolExecutor.java:642)
at java.base/java.lang.Thread.run(Thread.java:1589)
... Removed 20 stack frames]]>
    </failure>
  </testcase> <!-- Afsuite -->
  <testcase classname="mytest.test2" name="myGame" time="0.003"/>
  <testcase classname="mytest.mytest2" name="getDisplay" time="0.0">
    <ignored/>
  </testcase> <!-- getDisplay -->
  <testcase classname="mytest.mytest2" name="forMethod" time="0.0">
    <ignored/>
  </testcase> <!-- forMethod -->
</testsuite> <!-- Personel Loan  -->
