<?xml version="1.0" encoding="UTF-8"?>
<!-- Generated by org.testng.reporters.JUnitXMLReporter -->
<testsuite ignored="3" hostname="LAPTOP-EMB9ANO0" failures="0" tests="6" name="Test" time="0.125" errors="0" timestamp="2022-12-01T11:00:02 IST">
  <testcase classname="mytest.mytest2" name="choice" time="0.012"/>
  <testcase classname="mytest.mytest2" name="forMethod" time="0.003"/>
  <testcase classname="mytest.mytest2" name="getDisplay" time="0.004"/>
  <testcase classname="mytest.Test3" name="MobileLogincarLoan" time="0.011"/>
  <testcase classname="mytest.Test4" name="LoginApIHomeLoan" time="0.002"/>
  <testcase classname="mytest.Test4" name="WebloginHomeloan" time="0.003"/>
  <testcase classname="mytest.test2" name="myGame" time="0.0">
    <ignored/>
  </testcase> <!-- myGame -->
  <testcase classname="mytest.Test4" name="MobileLoginHomeLoan" time="0.0">
    <ignored/>
  </testcase> <!-- MobileLoginHomeLoan -->
  <testcase classname="mytest.Test3" name="Weblogincarloan" time="0.0">
    <ignored/>
  </testcase> <!-- Weblogincarloan -->
</testsuite> <!-- Test -->
